#
# There is insufficient memory for the Java Runtime Environment to continue.
# Native memory allocation (malloc) failed to allocate 1796656 bytes for Chunk::new
# Possible reasons:
#   The system is out of physical RAM or swap space
#   The process is running with CompressedOops enabled, and the Java Heap may be blocking the growth of the native heap
# Possible solutions:
#   Reduce memory load on the system
#   Increase physical memory or swap space
#   Check if swap backing store is full
#   Decrease Java heap size (-Xmx/-Xms)
#   Decrease number of Java threads
#   Decrease Java thread stack sizes (-Xss)
#   Set larger code cache with -XX:ReservedCodeCacheSize=
#   JVM is running with Unscaled Compressed Oops mode in which the Java heap is
#     placed in the first 4GB address space. The Java Heap base address is the
#     maximum limit for the native heap growth. Please use -XX:HeapBaseMinAddress
#     to set the Java Heap base and to place the Java Heap above 4GB virtual address.
# This output file may be truncated or incomplete.
#
#  Out of Memory Error (arena.cpp:189), pid=18408, tid=14288
#
# JRE version: Java(TM) SE Runtime Environment (17.0.2+8) (build 17.0.2+8-LTS-86)
# Java VM: Java HotSpot(TM) 64-Bit Server VM (17.0.2+8-LTS-86, mixed mode, sharing, tiered, compressed oops, compressed class ptrs, g1 gc, windows-amd64)
# No core dump will be written. Minidumps are not enabled by default on client versions of Windows
#

---------------  S U M M A R Y ------------

Command Line: -javaagent:C:\Program Files\JetBrains\IntelliJ IDEA Community Edition 2021.3.1\lib\idea_rt.jar=50215:C:\Program Files\JetBrains\IntelliJ IDEA Community Edition 2021.3.1\bin -Dfile.encoding=UTF-8 com.example.RecipeAppApplication

Host: AMD Ryzen 7 4700U with Radeon Graphics         , 8 cores, 7G,  Windows 10 , 64 bit Build 19041 (10.0.19041.1741)
Time: Tue Dec 17 19:51:06 2024 Central European Standard Time elapsed time: 20.116233 seconds (0d 0h 0m 20s)

---------------  T H R E A D  ---------------

Current thread (0x00000175a171ee90):  JavaThread "C2 CompilerThread0" daemon [_thread_in_native, id=14288, stack(0x0000005b86c00000,0x0000005b86d00000)]


Current CompileTask:
C2:  20116 4935   !   4       org.springframework.util.ReflectionUtils::doWithMethods (186 bytes)

Stack: [0x0000005b86c00000,0x0000005b86d00000]
Native frames: (J=compiled Java code, j=interpreted, Vv=VM code, C=native code)
V  [jvm.dll+0x670baa]
V  [jvm.dll+0x7cfcb4]
V  [jvm.dll+0x7d145e]
V  [jvm.dll+0x7d1ac3]
V  [jvm.dll+0x242bc5]
V  [jvm.dll+0xaa57b]
V  [jvm.dll+0xaab0c]
V  [jvm.dll+0x35fcb2]
V  [jvm.dll+0x32a331]
V  [jvm.dll+0x3297da]
V  [jvm.dll+0x215c91]
V  [jvm.dll+0x2150b1]
V  [jvm.dll+0x1a1bbd]
V  [jvm.dll+0x224908]
V  [jvm.dll+0x222a6c]
V  [jvm.dll+0x7859bb]
V  [jvm.dll+0x77ff7a]
V  [jvm.dll+0x66fa35]
C  [ucrtbase.dll+0x21bb2]
C  [KERNEL32.DLL+0x17034]
C  [ntdll.dll+0x52651]


---------------  P R O C E S S  ---------------

Threads class SMR info:
_java_thread_list=0x00000175a8807e10, length=21, elements={
0x0000017583bb3be0, 0x00000175a17031f0, 0x00000175a1706610, 0x00000175a171b5a0,
0x00000175a171be60, 0x00000175a171c810, 0x00000175a171d1c0, 0x00000175a171ee90,
0x00000175a1735da0, 0x00000175a17a3500, 0x00000175a2130e10, 0x00000175a22a21f0,
0x00000175a235e1c0, 0x00000175a36135e0, 0x00000175a33408b0, 0x00000175a48cb8f0,
0x00000175a497abd0, 0x00000175a4977bb0, 0x00000175a4978080, 0x00000175a49776e0,
0x00000175a4977210
}

Java Threads: ( => current thread )
  0x0000017583bb3be0 JavaThread "main" [_thread_blocked, id=14500, stack(0x0000005b85f00000,0x0000005b86000000)]
  0x00000175a17031f0 JavaThread "Reference Handler" daemon [_thread_blocked, id=6840, stack(0x0000005b86600000,0x0000005b86700000)]
  0x00000175a1706610 JavaThread "Finalizer" daemon [_thread_blocked, id=5272, stack(0x0000005b86700000,0x0000005b86800000)]
  0x00000175a171b5a0 JavaThread "Signal Dispatcher" daemon [_thread_blocked, id=9628, stack(0x0000005b86800000,0x0000005b86900000)]
  0x00000175a171be60 JavaThread "Attach Listener" daemon [_thread_blocked, id=17904, stack(0x0000005b86900000,0x0000005b86a00000)]
  0x00000175a171c810 JavaThread "Service Thread" daemon [_thread_blocked, id=2772, stack(0x0000005b86a00000,0x0000005b86b00000)]
  0x00000175a171d1c0 JavaThread "Monitor Deflation Thread" daemon [_thread_blocked, id=15580, stack(0x0000005b86b00000,0x0000005b86c00000)]
=>0x00000175a171ee90 JavaThread "C2 CompilerThread0" daemon [_thread_in_native, id=14288, stack(0x0000005b86c00000,0x0000005b86d00000)]
  0x00000175a1735da0 JavaThread "C1 CompilerThread0" daemon [_thread_blocked, id=7240, stack(0x0000005b86d00000,0x0000005b86e00000)]
  0x00000175a17a3500 JavaThread "Sweeper thread" daemon [_thread_blocked, id=12040, stack(0x0000005b86e00000,0x0000005b86f00000)]
  0x00000175a2130e10 JavaThread "Common-Cleaner" daemon [_thread_blocked, id=3300, stack(0x0000005b86f00000,0x0000005b87000000)]
  0x00000175a22a21f0 JavaThread "Monitor Ctrl-Break" daemon [_thread_in_native, id=17300, stack(0x0000005b87100000,0x0000005b87200000)]
  0x00000175a235e1c0 JavaThread "Notification Thread" daemon [_thread_blocked, id=17672, stack(0x0000005b87200000,0x0000005b87300000)]
  0x00000175a36135e0 JavaThread "Thread-0" [_thread_blocked, id=3992, stack(0x0000005b87400000,0x0000005b87500000)]
  0x00000175a33408b0 JavaThread "restartedMain" [_thread_in_vm, id=6024, stack(0x0000005b87500000,0x0000005b87600000)]
  0x00000175a48cb8f0 JavaThread "Catalina-utility-1" [_thread_blocked, id=16196, stack(0x0000005b87e00000,0x0000005b87f00000)]
  0x00000175a497abd0 JavaThread "Catalina-utility-2" [_thread_blocked, id=1824, stack(0x0000005b87f00000,0x0000005b88000000)]
  0x00000175a4977bb0 JavaThread "container-0" [_thread_blocked, id=5044, stack(0x0000005b88000000,0x0000005b88100000)]
  0x00000175a4978080 JavaThread "mysql-cj-abandoned-connection-cleanup" daemon [_thread_blocked, id=2528, stack(0x0000005b88100000,0x0000005b88200000)]
  0x00000175a49776e0 JavaThread "HikariPool-1 housekeeper" daemon [_thread_blocked, id=16444, stack(0x0000005b88300000,0x0000005b88400000)]
  0x00000175a4977210 JavaThread "HikariPool-1 connection adder" daemon [_thread_blocked, id=4520, stack(0x0000005b88400000,0x0000005b88500000)]

Other Threads:
  0x00000175a16fde20 VMThread "VM Thread" [stack: 0x0000005b86500000,0x0000005b86600000] [id=8124]
  0x00000175a2320000 WatcherThread [stack: 0x0000005b87300000,0x0000005b87400000] [id=6788]
  0x0000017583bf1160 GCTaskThread "GC Thread#0" [stack: 0x0000005b86000000,0x0000005b86100000] [id=6428]
  0x00000175a2b19bd0 GCTaskThread "GC Thread#1" [stack: 0x0000005b87600000,0x0000005b87700000] [id=15444]
  0x00000175a2b19920 GCTaskThread "GC Thread#2" [stack: 0x0000005b87700000,0x0000005b87800000] [id=17228]
  0x00000175a2b1a940 GCTaskThread "GC Thread#3" [stack: 0x0000005b87800000,0x0000005b87900000] [id=6700]
  0x00000175a2b19110 GCTaskThread "GC Thread#4" [stack: 0x0000005b87900000,0x0000005b87a00000] [id=2628]
  0x00000175a2b1a690 GCTaskThread "GC Thread#5" [stack: 0x0000005b87a00000,0x0000005b87b00000] [id=1956]
  0x00000175a2b1abf0 GCTaskThread "GC Thread#6" [stack: 0x0000005b87b00000,0x0000005b87c00000] [id=18632]
  0x00000175a2b193c0 GCTaskThread "GC Thread#7" [stack: 0x0000005b87c00000,0x0000005b87d00000] [id=18504]
  0x0000017583c00ca0 ConcurrentGCThread "G1 Main Marker" [stack: 0x0000005b86100000,0x0000005b86200000] [id=18428]
  0x0000017583c01e50 ConcurrentGCThread "G1 Conc#0" [stack: 0x0000005b86200000,0x0000005b86300000] [id=12632]
  0x00000175a36f35c0 ConcurrentGCThread "G1 Conc#1" [stack: 0x0000005b87d00000,0x0000005b87e00000] [id=9696]
  0x0000017583c7b750 ConcurrentGCThread "G1 Refine#0" [stack: 0x0000005b86300000,0x0000005b86400000] [id=16400]
  0x0000017583c7c170 ConcurrentGCThread "G1 Service" [stack: 0x0000005b86400000,0x0000005b86500000] [id=292]

Threads with active compile tasks:
C2 CompilerThread0    20224 4935   !   4       org.springframework.util.ReflectionUtils::doWithMethods (186 bytes)

VM state: not at safepoint (normal execution)

VM Mutex/Monitor currently owned by a thread: None

Heap address: 0x000000008a000000, size: 1888 MB, Compressed Oops mode: 32-bit

CDS archive(s) mapped at: [0x0000000800000000-0x0000000800bc0000-0x0000000800bc0000), size 12320768, SharedBaseAddress: 0x0000000800000000, ArchiveRelocationMode: 0.
Compressed class space mapped at: 0x0000000800c00000-0x0000000840c00000, reserved size: 1073741824
Narrow klass base: 0x0000000800000000, Narrow klass shift: 0, Narrow klass range: 0x100000000

GC Precious Log:
 CPUs: 8 total, 8 available
 Memory: 7549M
 Large Page Support: Disabled
 NUMA Support: Disabled
 Compressed Oops: Enabled (32-bit)
 Heap Region Size: 1M
 Heap Min Capacity: 8M
 Heap Initial Capacity: 118M
 Heap Max Capacity: 1888M
 Pre-touch: Disabled
 Parallel Workers: 8
 Concurrent Workers: 2
 Concurrent Refinement Workers: 8
 Periodic GC: Disabled

Heap:
 garbage-first heap   total 51200K, used 34490K [0x000000008a000000, 0x0000000100000000)
  region size 1024K, 14 young (14336K), 2 survivors (2048K)
 Metaspace       used 51860K, committed 52352K, reserved 1097728K
  class space    used 6866K, committed 7104K, reserved 1048576K

Heap Regions: E=young(eden), S=young(survivor), O=old, HS=humongous(starts), HC=humongous(continues), CS=collection set, F=free, OA=open archive, CA=closed archive, TAMS=top-at-mark-start (previous, next)
|   0|0x000000008a000000, 0x000000008a100000, 0x000000008a100000|100%|HS|  |TAMS 0x000000008a100000, 0x000000008a000000| Complete 
|   1|0x000000008a100000, 0x000000008a200000, 0x000000008a200000|100%|HS|  |TAMS 0x000000008a200000, 0x000000008a100000| Complete 
|   2|0x000000008a200000, 0x000000008a300000, 0x000000008a300000|100%| O|  |TAMS 0x000000008a300000, 0x000000008a200000| Untracked 
|   3|0x000000008a300000, 0x000000008a400000, 0x000000008a400000|100%| O|  |TAMS 0x000000008a400000, 0x000000008a300000| Untracked 
|   4|0x000000008a400000, 0x000000008a500000, 0x000000008a500000|100%| O|  |TAMS 0x000000008a500000, 0x000000008a400000| Untracked 
|   5|0x000000008a500000, 0x000000008a600000, 0x000000008a600000|100%| O|  |TAMS 0x000000008a600000, 0x000000008a500000| Untracked 
|   6|0x000000008a600000, 0x000000008a700000, 0x000000008a700000|100%| O|  |TAMS 0x000000008a700000, 0x000000008a600000| Untracked 
|   7|0x000000008a700000, 0x000000008a7aa800, 0x000000008a800000| 66%| O|  |TAMS 0x000000008a7aa800, 0x000000008a700000| Untracked 
|   8|0x000000008a800000, 0x000000008a900000, 0x000000008a900000|100%| O|  |TAMS 0x000000008a900000, 0x000000008a800000| Untracked 
|   9|0x000000008a900000, 0x000000008aa00000, 0x000000008aa00000|100%| O|  |TAMS 0x000000008aa00000, 0x000000008a900000| Untracked 
|  10|0x000000008aa00000, 0x000000008ab00000, 0x000000008ab00000|100%| O|  |TAMS 0x000000008ab00000, 0x000000008aa00000| Untracked 
|  11|0x000000008ab00000, 0x000000008ac00000, 0x000000008ac00000|100%| O|  |TAMS 0x000000008ac00000, 0x000000008ab00000| Untracked 
|  12|0x000000008ac00000, 0x000000008ad00000, 0x000000008ad00000|100%| O|  |TAMS 0x000000008ad00000, 0x000000008ac00000| Untracked 
|  13|0x000000008ad00000, 0x000000008ae00000, 0x000000008ae00000|100%| O|  |TAMS 0x000000008ae00000, 0x000000008ad00000| Untracked 
|  14|0x000000008ae00000, 0x000000008af00000, 0x000000008af00000|100%| O|  |TAMS 0x000000008af00000, 0x000000008ae00000| Untracked 
|  15|0x000000008af00000, 0x000000008b000000, 0x000000008b000000|100%| O|  |TAMS 0x000000008b000000, 0x000000008af00000| Untracked 
|  16|0x000000008b000000, 0x000000008b100000, 0x000000008b100000|100%| O|  |TAMS 0x000000008b034800, 0x000000008b000000| Untracked 
|  17|0x000000008b100000, 0x000000008b200000, 0x000000008b200000|100%| O|  |TAMS 0x000000008b100000, 0x000000008b100000| Untracked 
|  18|0x000000008b200000, 0x000000008b300000, 0x000000008b300000|100%| O|  |TAMS 0x000000008b200000, 0x000000008b200000| Untracked 
|  19|0x000000008b300000, 0x000000008b400000, 0x000000008b400000|100%| O|  |TAMS 0x000000008b300000, 0x000000008b300000| Untracked 
|  20|0x000000008b400000, 0x000000008b500000, 0x000000008b500000|100%| O|  |TAMS 0x000000008b400000, 0x000000008b400000| Untracked 
|  21|0x000000008b500000, 0x000000008b505a00, 0x000000008b600000|  2%| O|  |TAMS 0x000000008b500000, 0x000000008b500000| Untracked 
|  22|0x000000008b600000, 0x000000008b600000, 0x000000008b700000|  0%| F|  |TAMS 0x000000008b600000, 0x000000008b600000| Untracked 
|  23|0x000000008b700000, 0x000000008b700000, 0x000000008b800000|  0%| F|  |TAMS 0x000000008b700000, 0x000000008b700000| Untracked 
|  24|0x000000008b800000, 0x000000008b800000, 0x000000008b900000|  0%| F|  |TAMS 0x000000008b800000, 0x000000008b800000| Untracked 
|  25|0x000000008b900000, 0x000000008b900000, 0x000000008ba00000|  0%| F|  |TAMS 0x000000008b900000, 0x000000008b900000| Untracked 
|  26|0x000000008ba00000, 0x000000008ba00000, 0x000000008bb00000|  0%| F|  |TAMS 0x000000008ba00000, 0x000000008ba00000| Untracked 
|  27|0x000000008bb00000, 0x000000008bb00000, 0x000000008bc00000|  0%| F|  |TAMS 0x000000008bb00000, 0x000000008bb00000| Untracked 
|  28|0x000000008bc00000, 0x000000008bc00000, 0x000000008bd00000|  0%| F|  |TAMS 0x000000008bc00000, 0x000000008bc00000| Untracked 
|  29|0x000000008bd00000, 0x000000008bd00000, 0x000000008be00000|  0%| F|  |TAMS 0x000000008bd00000, 0x000000008bd00000| Untracked 
|  30|0x000000008be00000, 0x000000008be00000, 0x000000008bf00000|  0%| F|  |TAMS 0x000000008be00000, 0x000000008be00000| Untracked 
|  31|0x000000008bf00000, 0x000000008bf00000, 0x000000008c000000|  0%| F|  |TAMS 0x000000008bf00000, 0x000000008bf00000| Untracked 
|  32|0x000000008c000000, 0x000000008c0fe6d8, 0x000000008c100000| 99%| S|CS|TAMS 0x000000008c000000, 0x000000008c000000| Complete 
|  33|0x000000008c100000, 0x000000008c200000, 0x000000008c200000|100%| S|CS|TAMS 0x000000008c100000, 0x000000008c100000| Complete 
|  34|0x000000008c200000, 0x000000008c200000, 0x000000008c300000|  0%| F|  |TAMS 0x000000008c200000, 0x000000008c200000| Untracked 
|  35|0x000000008c300000, 0x000000008c300000, 0x000000008c400000|  0%| F|  |TAMS 0x000000008c300000, 0x000000008c300000| Untracked 
|  36|0x000000008c400000, 0x000000008c400000, 0x000000008c500000|  0%| F|  |TAMS 0x000000008c400000, 0x000000008c400000| Untracked 
|  37|0x000000008c500000, 0x000000008c500000, 0x000000008c600000|  0%| F|  |TAMS 0x000000008c500000, 0x000000008c500000| Untracked 
|  38|0x000000008c600000, 0x000000008c692e78, 0x000000008c700000| 57%| E|  |TAMS 0x000000008c600000, 0x000000008c600000| Complete 
|  39|0x000000008c700000, 0x000000008c800000, 0x000000008c800000|100%| E|CS|TAMS 0x000000008c700000, 0x000000008c700000| Complete 
|  40|0x000000008c800000, 0x000000008c900000, 0x000000008c900000|100%| E|CS|TAMS 0x000000008c800000, 0x000000008c800000| Complete 
|  41|0x000000008c900000, 0x000000008ca00000, 0x000000008ca00000|100%| E|CS|TAMS 0x000000008c900000, 0x000000008c900000| Complete 
|  42|0x000000008ca00000, 0x000000008cb00000, 0x000000008cb00000|100%| E|CS|TAMS 0x000000008ca00000, 0x000000008ca00000| Complete 
|  59|0x000000008db00000, 0x000000008dc00000, 0x000000008dc00000|100%| E|CS|TAMS 0x000000008db00000, 0x000000008db00000| Complete 
|  60|0x000000008dc00000, 0x000000008dd00000, 0x000000008dd00000|100%| E|CS|TAMS 0x000000008dc00000, 0x000000008dc00000| Complete 
|  61|0x000000008dd00000, 0x000000008de00000, 0x000000008de00000|100%| E|CS|TAMS 0x000000008dd00000, 0x000000008dd00000| Complete 
|  62|0x000000008de00000, 0x000000008df00000, 0x000000008df00000|100%| E|CS|TAMS 0x000000008de00000, 0x000000008de00000| Complete 
|  63|0x000000008df00000, 0x000000008e000000, 0x000000008e000000|100%| E|CS|TAMS 0x000000008df00000, 0x000000008df00000| Complete 
|  64|0x000000008e000000, 0x000000008e100000, 0x000000008e100000|100%| E|CS|TAMS 0x000000008e000000, 0x000000008e000000| Complete 
| 117|0x0000000091500000, 0x0000000091600000, 0x0000000091600000|100%| E|CS|TAMS 0x0000000091500000, 0x0000000091500000| Complete 

Card table byte_map: [0x000001759aae0000,0x000001759ae90000] _byte_map_base: 0x000001759a690000

Marking Bits (Prev, Next): (CMBitMap*) 0x0000017583bf1770, (CMBitMap*) 0x0000017583bf17b0
 Prev Bits: [0x000001759b240000, 0x000001759cfc0000)
 Next Bits: [0x000001759cfc0000, 0x000001759ed40000)

Polling page: 0x0000017581b10000

Metaspace:

Usage:
  Non-class:     43.95 MB used.
      Class:      6.71 MB used.
       Both:     50.66 MB used.

Virtual space:
  Non-class space:       48.00 MB reserved,      44.19 MB ( 92%) committed,  6 nodes.
      Class space:        1.00 GB reserved,       7.00 MB ( <1%) committed,  1 nodes.
             Both:        1.05 GB reserved,      51.19 MB (  5%) committed. 

Chunk freelists:
   Non-Class:  3.62 MB
       Class:  880.00 KB
        Both:  4.48 MB

MaxMetaspaceSize: unlimited
CompressedClassSpaceSize: 1.00 GB
Initial GC threshold: 21.00 MB
Current GC threshold: 58.88 MB
CDS: on
MetaspaceReclaimPolicy: balanced
 - commit_granule_bytes: 65536.
 - commit_granule_words: 8192.
 - virtual_space_node_default_size: 1048576.
 - enlarge_chunks_in_place: 1.
 - new_chunks_are_fully_committed: 0.
 - uncommit_free_chunks: 1.
 - use_allocation_guard: 0.
 - handle_deallocations: 1.


Internal statistics:

num_allocs_failed_limit: 6.
num_arena_births: 662.
num_arena_deaths: 0.
num_vsnodes_births: 7.
num_vsnodes_deaths: 0.
num_space_committed: 819.
num_space_uncommitted: 0.
num_chunks_returned_to_freelist: 6.
num_chunks_taken_from_freelist: 2423.
num_chunk_merges: 6.
num_chunk_splits: 1742.
num_chunks_enlarged: 1357.
num_purges: 0.
num_inconsistent_stats: 0.

CodeHeap 'non-profiled nmethods': size=120000Kb used=2819Kb max_used=3091Kb free=117180Kb
 bounds [0x0000017592ed0000, 0x00000175931e0000, 0x000001759a400000]
CodeHeap 'profiled nmethods': size=120000Kb used=9522Kb max_used=10704Kb free=110477Kb
 bounds [0x000001758b9a0000, 0x000001758c420000, 0x0000017592ed0000]
CodeHeap 'non-nmethods': size=5760Kb used=1288Kb max_used=1327Kb free=4471Kb
 bounds [0x000001758b400000, 0x000001758b670000, 0x000001758b9a0000]
 total_blobs=5171 nmethods=4568 adapters=515
 compilation: enabled
              stopped_count=0, restarted_count=0
 full_count=0

Compilation events (20 events):
Event: 20.006 Thread 0x00000175a1735da0 nmethod 5063 0x000001758c413390 code [0x000001758c413520, 0x000001758c413618]
Event: 20.047 Thread 0x00000175a1735da0 5064       2       java.util.List::of (64 bytes)
Event: 20.049 Thread 0x00000175a1735da0 nmethod 5064 0x000001758c413690 code [0x000001758c4138a0, 0x000001758c413f58]
Event: 20.083 Thread 0x00000175a1735da0 5065       2       org.springframework.aop.aspectj.annotation.AnnotationAwareAspectJAutoProxyCreator::isInfrastructureClass (34 bytes)
Event: 20.084 Thread 0x00000175a1735da0 nmethod 5065 0x000001758ba47f10 code [0x000001758ba480c0, 0x000001758ba482b8]
Event: 20.084 Thread 0x00000175a1735da0 5066       2       org.springframework.aop.framework.autoproxy.AbstractAutoProxyCreator::isInfrastructureClass (78 bytes)
Event: 20.085 Thread 0x00000175a1735da0 nmethod 5066 0x000001758b9e0810 code [0x000001758b9e0a20, 0x000001758b9e0d18]
Event: 20.091 Thread 0x00000175a1735da0 5068       2       org.springframework.aop.framework.autoproxy.AbstractAutoProxyCreator::getCacheKey (29 bytes)
Event: 20.093 Thread 0x00000175a1735da0 nmethod 5068 0x000001758ba04c90 code [0x000001758ba04ec0, 0x000001758ba05358]
Event: 20.094 Thread 0x00000175a1735da0 5069       2       org.springframework.aop.aspectj.autoproxy.AspectJAwareAdvisorAutoProxyCreator::shouldSkip (74 bytes)
Event: 20.096 Thread 0x00000175a1735da0 nmethod 5069 0x000001758ba46310 code [0x000001758ba46520, 0x000001758ba468c8]
Event: 20.096 Thread 0x00000175a1735da0 5073   !   2       org.springframework.aop.aspectj.annotation.BeanFactoryAspectJAdvisorsBuilder::buildAspectJAdvisors (512 bytes)
Event: 20.103 Thread 0x00000175a1735da0 nmethod 5073 0x000001758bdb2d10 code [0x000001758bdb3140, 0x000001758bdb4508]
Event: 20.104 Thread 0x00000175a1735da0 5071       2       org.springframework.aop.framework.autoproxy.AbstractAdvisorAutoProxyCreator$BeanFactoryAdvisorRetrievalHelperAdapter::isEligibleBean (9 bytes)
Event: 20.104 Thread 0x00000175a1735da0 nmethod 5071 0x000001758b9bc690 code [0x000001758b9bc820, 0x000001758b9bc938]
Event: 20.104 Thread 0x00000175a1735da0 5072       2       org.springframework.beans.factory.support.AbstractBeanFactory::isActuallyInCreation (22 bytes)
Event: 20.105 Thread 0x00000175a1735da0 nmethod 5072 0x000001758b9a3b90 code [0x000001758b9a3d40, 0x000001758b9a3ed8]
Event: 20.105 Thread 0x00000175a1735da0 5070       2       org.springframework.aop.framework.autoproxy.AbstractAutoProxyCreator::shouldSkip (6 bytes)
Event: 20.105 Thread 0x00000175a1735da0 nmethod 5070 0x000001758b9c3190 code [0x000001758b9c3320, 0x000001758b9c3448]
Event: 20.105 Thread 0x00000175a1735da0 5074   !   2       java.net.URL::<init> (543 bytes)

GC Heap History (20 events):
Event: 2.872 GC heap before
{Heap before GC invocations=0 (full 0):
 garbage-first heap   total 120832K, used 24576K [0x000000008a000000, 0x0000000100000000)
  region size 1024K, 23 young (23552K), 0 survivors (0K)
 Metaspace       used 5914K, committed 6080K, reserved 1056768K
  class space    used 670K, committed 768K, reserved 1048576K
}
Event: 2.889 GC heap after
{Heap after GC invocations=1 (full 0):
 garbage-first heap   total 120832K, used 7620K [0x000000008a000000, 0x0000000100000000)
  region size 1024K, 3 young (3072K), 3 survivors (3072K)
 Metaspace       used 5914K, committed 6080K, reserved 1056768K
  class space    used 670K, committed 768K, reserved 1048576K
}
Event: 5.286 GC heap before
{Heap before GC invocations=1 (full 0):
 garbage-first heap   total 120832K, used 35268K [0x000000008a000000, 0x0000000100000000)
  region size 1024K, 31 young (31744K), 3 survivors (3072K)
 Metaspace       used 13003K, committed 13312K, reserved 1064960K
  class space    used 1551K, committed 1664K, reserved 1048576K
}
Event: 5.299 GC heap after
{Heap after GC invocations=2 (full 0):
 garbage-first heap   total 120832K, used 10495K [0x000000008a000000, 0x0000000100000000)
  region size 1024K, 3 young (3072K), 3 survivors (3072K)
 Metaspace       used 13003K, committed 13312K, reserved 1064960K
  class space    used 1551K, committed 1664K, reserved 1048576K
}
Event: 8.967 GC heap before
{Heap before GC invocations=2 (full 0):
 garbage-first heap   total 120832K, used 59647K [0x000000008a000000, 0x0000000100000000)
  region size 1024K, 53 young (54272K), 3 survivors (3072K)
 Metaspace       used 21243K, committed 21504K, reserved 1073152K
  class space    used 2616K, committed 2752K, reserved 1048576K
}
Event: 8.983 GC heap after
{Heap after GC invocations=3 (full 0):
 garbage-first heap   total 120832K, used 13992K [0x000000008a000000, 0x0000000100000000)
  region size 1024K, 6 young (6144K), 6 survivors (6144K)
 Metaspace       used 21243K, committed 21504K, reserved 1073152K
  class space    used 2616K, committed 2752K, reserved 1048576K
}
Event: 11.441 GC heap before
{Heap before GC invocations=4 (full 0):
 garbage-first heap   total 51200K, used 38568K [0x000000008a000000, 0x0000000100000000)
  region size 1024K, 30 young (30720K), 6 survivors (6144K)
 Metaspace       used 25136K, committed 25536K, reserved 1073152K
  class space    used 3226K, committed 3392K, reserved 1048576K
}
Event: 11.462 GC heap after
{Heap after GC invocations=5 (full 0):
 garbage-first heap   total 51200K, used 16507K [0x000000008a000000, 0x0000000100000000)
  region size 1024K, 3 young (3072K), 3 survivors (3072K)
 Metaspace       used 25136K, committed 25536K, reserved 1073152K
  class space    used 3226K, committed 3392K, reserved 1048576K
}
Event: 12.836 GC heap before
{Heap before GC invocations=5 (full 0):
 garbage-first heap   total 51200K, used 35963K [0x000000008a000000, 0x0000000100000000)
  region size 1024K, 22 young (22528K), 3 survivors (3072K)
 Metaspace       used 28503K, committed 28928K, reserved 1081344K
  class space    used 3622K, committed 3840K, reserved 1048576K
}
Event: 12.843 GC heap after
{Heap after GC invocations=6 (full 0):
 garbage-first heap   total 51200K, used 17948K [0x000000008a000000, 0x0000000100000000)
  region size 1024K, 2 young (2048K), 2 survivors (2048K)
 Metaspace       used 28503K, committed 28928K, reserved 1081344K
  class space    used 3622K, committed 3840K, reserved 1048576K
}
Event: 14.086 GC heap before
{Heap before GC invocations=6 (full 0):
 garbage-first heap   total 51200K, used 36380K [0x000000008a000000, 0x0000000100000000)
  region size 1024K, 20 young (20480K), 2 survivors (2048K)
 Metaspace       used 32624K, committed 33024K, reserved 1081344K
  class space    used 4231K, committed 4416K, reserved 1048576K
}
Event: 14.094 GC heap after
{Heap after GC invocations=7 (full 0):
 garbage-first heap   total 51200K, used 18608K [0x000000008a000000, 0x0000000100000000)
  region size 1024K, 3 young (3072K), 3 survivors (3072K)
 Metaspace       used 32624K, committed 33024K, reserved 1081344K
  class space    used 4231K, committed 4416K, reserved 1048576K
}
Event: 15.032 GC heap before
{Heap before GC invocations=7 (full 0):
 garbage-first heap   total 51200K, used 30896K [0x000000008a000000, 0x0000000100000000)
  region size 1024K, 16 young (16384K), 3 survivors (3072K)
 Metaspace       used 35548K, committed 35968K, reserved 1081344K
  class space    used 4738K, committed 4928K, reserved 1048576K
}
Event: 15.040 GC heap after
{Heap after GC invocations=8 (full 0):
 garbage-first heap   total 51200K, used 19199K [0x000000008a000000, 0x0000000100000000)
  region size 1024K, 2 young (2048K), 2 survivors (2048K)
 Metaspace       used 35548K, committed 35968K, reserved 1081344K
  class space    used 4738K, committed 4928K, reserved 1048576K
}
Event: 16.672 GC heap before
{Heap before GC invocations=9 (full 0):
 garbage-first heap   total 51200K, used 38655K [0x000000008a000000, 0x0000000100000000)
  region size 1024K, 21 young (21504K), 2 survivors (2048K)
 Metaspace       used 43778K, committed 44224K, reserved 1089536K
  class space    used 5701K, committed 5888K, reserved 1048576K
}
Event: 16.679 GC heap after
{Heap after GC invocations=10 (full 0):
 garbage-first heap   total 51200K, used 21191K [0x000000008a000000, 0x0000000100000000)
  region size 1024K, 3 young (3072K), 3 survivors (3072K)
 Metaspace       used 43778K, committed 44224K, reserved 1089536K
  class space    used 5701K, committed 5888K, reserved 1048576K
}
Event: 17.343 GC heap before
{Heap before GC invocations=10 (full 0):
 garbage-first heap   total 51200K, used 38599K [0x000000008a000000, 0x0000000100000000)
  region size 1024K, 21 young (21504K), 3 survivors (3072K)
 Metaspace       used 45894K, committed 46400K, reserved 1089536K
  class space    used 5967K, committed 6208K, reserved 1048576K
}
Event: 17.354 GC heap after
{Heap after GC invocations=11 (full 0):
 garbage-first heap   total 51200K, used 22490K [0x000000008a000000, 0x0000000100000000)
  region size 1024K, 2 young (2048K), 2 survivors (2048K)
 Metaspace       used 45894K, committed 46400K, reserved 1089536K
  class space    used 5967K, committed 6208K, reserved 1048576K
}
Event: 19.073 GC heap before
{Heap before GC invocations=11 (full 0):
 garbage-first heap   total 51200K, used 37850K [0x000000008a000000, 0x0000000100000000)
  region size 1024K, 18 young (18432K), 2 survivors (2048K)
 Metaspace       used 50240K, committed 50688K, reserved 1097728K
  class space    used 6641K, committed 6848K, reserved 1048576K
}
Event: 19.082 GC heap after
{Heap after GC invocations=12 (full 0):
 garbage-first heap   total 51200K, used 23226K [0x000000008a000000, 0x0000000100000000)
  region size 1024K, 2 young (2048K), 2 survivors (2048K)
 Metaspace       used 50240K, committed 50688K, reserved 1097728K
  class space    used 6641K, committed 6848K, reserved 1048576K
}

Deoptimization events (20 events):
Event: 19.555 Thread 0x00000175a33408b0 Uncommon trap: trap_request=0xffffffc6 fr.pc=0x00000175930e922c relative=0x000000000000126c
Event: 19.555 Thread 0x00000175a33408b0 Uncommon trap: reason=bimorphic_or_optimized_type_check action=maybe_recompile pc=0x00000175930e922c method=org.springframework.core.annotation.AnnotationsScanner.processClassHierarchy(Ljava/lang/Object;[ILjava/lang/Class;Lorg/springframework/core/annotat
Event: 19.555 Thread 0x00000175a33408b0 DEOPT PACKING pc=0x00000175930e922c sp=0x0000005b875fcfa0
Event: 19.555 Thread 0x00000175a33408b0 DEOPT UNPACKING pc=0x000001758b4523a3 sp=0x0000005b875fd008 mode 2
Event: 19.566 Thread 0x00000175a33408b0 Uncommon trap: trap_request=0xffffffc6 fr.pc=0x00000175930e922c relative=0x000000000000126c
Event: 19.566 Thread 0x00000175a33408b0 Uncommon trap: reason=bimorphic_or_optimized_type_check action=maybe_recompile pc=0x00000175930e922c method=org.springframework.core.annotation.AnnotationsScanner.processClassHierarchy(Ljava/lang/Object;[ILjava/lang/Class;Lorg/springframework/core/annotat
Event: 19.566 Thread 0x00000175a33408b0 DEOPT PACKING pc=0x00000175930e922c sp=0x0000005b875fcfa0
Event: 19.566 Thread 0x00000175a33408b0 DEOPT UNPACKING pc=0x000001758b4523a3 sp=0x0000005b875fd008 mode 2
Event: 19.573 Thread 0x00000175a33408b0 Uncommon trap: trap_request=0xffffffc6 fr.pc=0x00000175930e922c relative=0x000000000000126c
Event: 19.573 Thread 0x00000175a33408b0 Uncommon trap: reason=bimorphic_or_optimized_type_check action=maybe_recompile pc=0x00000175930e922c method=org.springframework.core.annotation.AnnotationsScanner.processClassHierarchy(Ljava/lang/Object;[ILjava/lang/Class;Lorg/springframework/core/annotat
Event: 19.573 Thread 0x00000175a33408b0 DEOPT PACKING pc=0x00000175930e922c sp=0x0000005b875fcfa0
Event: 19.573 Thread 0x00000175a33408b0 DEOPT UNPACKING pc=0x000001758b4523a3 sp=0x0000005b875fd008 mode 2
Event: 19.573 Thread 0x00000175a33408b0 Uncommon trap: trap_request=0xffffffc6 fr.pc=0x00000175930e922c relative=0x000000000000126c
Event: 19.573 Thread 0x00000175a33408b0 Uncommon trap: reason=bimorphic_or_optimized_type_check action=maybe_recompile pc=0x00000175930e922c method=org.springframework.core.annotation.AnnotationsScanner.processClassHierarchy(Ljava/lang/Object;[ILjava/lang/Class;Lorg/springframework/core/annotat
Event: 19.573 Thread 0x00000175a33408b0 DEOPT PACKING pc=0x00000175930e922c sp=0x0000005b875fcea0
Event: 19.573 Thread 0x00000175a33408b0 DEOPT UNPACKING pc=0x000001758b4523a3 sp=0x0000005b875fcf38 mode 2
Event: 20.077 Thread 0x00000175a33408b0 Uncommon trap: trap_request=0xffffff45 fr.pc=0x0000017593142214 relative=0x0000000000003af4
Event: 20.077 Thread 0x00000175a33408b0 Uncommon trap: reason=unstable_if action=reinterpret pc=0x0000017593142214 method=java.net.URL.<init>(Ljava/net/URL;Ljava/lang/String;Ljava/net/URLStreamHandler;)V @ 30 c2
Event: 20.077 Thread 0x00000175a33408b0 DEOPT PACKING pc=0x0000017593142214 sp=0x0000005b875fc8d0
Event: 20.077 Thread 0x00000175a33408b0 DEOPT UNPACKING pc=0x000001758b4523a3 sp=0x0000005b875fc8b0 mode 2

Classes unloaded (0 events):
No events

Classes redefined (0 events):
No events

Internal exceptions (20 events):
Event: 12.352 Thread 0x00000175a33408b0 Exception <a 'java/io/FileNotFoundException'{0x000000008c5034b0}> (0x000000008c5034b0) 
thrown [t:\workspace\open\src\hotspot\share\prims\jni.cpp, line 516]
Event: 12.442 Thread 0x00000175a33408b0 Exception <a 'java/lang/NoSuchMethodError'{0x000000008c45dea0}: 'int java.lang.invoke.DirectMethodHandle$Holder.invokeInterface(java.lang.Object, java.lang.Object, java.lang.Object, java.lang.Object)'> (0x000000008c45dea0) 
thrown [t:\workspace\open\src\hotspot\share\interpreter\linkResolver.cpp, line 766]
Event: 12.632 Thread 0x00000175a33408b0 Exception <a 'java/lang/NoSuchMethodError'{0x000000008c287658}: 'long java.lang.invoke.DirectMethodHandle$Holder.invokeVirtual(java.lang.Object, java.lang.Object)'> (0x000000008c287658) 
thrown [t:\workspace\open\src\hotspot\share\interpreter\linkResolver.cpp, line 766]
Event: 12.661 Thread 0x00000175a33408b0 Exception <a 'java/io/FileNotFoundException'{0x000000008c2b6928}> (0x000000008c2b6928) 
thrown [t:\workspace\open\src\hotspot\share\prims\jni.cpp, line 516]
Event: 13.093 Thread 0x00000175a33408b0 Implicit null exception at 0x000001759305be9f to 0x000001759305c258
Event: 13.106 Thread 0x00000175a33408b0 Exception <a 'sun/nio/fs/WindowsException'{0x000000008deaf7e0}> (0x000000008deaf7e0) 
thrown [t:\workspace\open\src\hotspot\share\prims\jni.cpp, line 516]
Event: 13.206 Thread 0x00000175a33408b0 Exception <a 'java/lang/NoSuchMethodError'{0x000000008dc11fd8}: 'java.lang.Object java.lang.invoke.Invokers$Holder.invoke_MT(java.lang.Object, java.lang.Object, java.lang.Object)'> (0x000000008dc11fd8) 
thrown [t:\workspace\open\src\hotspot\share\interpreter\linkResolver.cpp, line 766]
Event: 15.030 Thread 0x00000175a33408b0 Exception <a 'java/lang/NoSuchMethodError'{0x000000008c541730}: 'int java.lang.invoke.DirectMethodHandle$Holder.invokeStatic(java.lang.Object)'> (0x000000008c541730) 
thrown [t:\workspace\open\src\hotspot\share\interpreter\linkResolver.cpp, line 766]
Event: 15.806 Thread 0x00000175a33408b0 Exception <a 'sun/nio/fs/WindowsException'{0x000000008cae6d70}> (0x000000008cae6d70) 
thrown [t:\workspace\open\src\hotspot\share\prims\jni.cpp, line 516]
Event: 15.835 Thread 0x00000175a33408b0 Exception <a 'java/lang/NoSuchMethodError'{0x000000008c90a128}: 'int java.lang.invoke.DirectMethodHandle$Holder.invokeStaticInit(java.lang.Object, java.lang.Object, java.lang.Object, java.lang.Object)'> (0x000000008c90a128) 
thrown [t:\workspace\open\src\hotspot\share\interpreter\linkResolver.cpp, line 766]
Event: 16.667 Thread 0x00000175a33408b0 Exception <a 'java/lang/NoSuchMethodError'{0x000000008bddf790}: 'java.lang.Object java.lang.invoke.DirectMethodHandle$Holder.invokeStaticInit(java.lang.Object, java.lang.Object, java.lang.Object, java.lang.Object)'> (0x000000008bddf790) 
thrown [t:\workspace\open\src\hotspot\share\interpreter\linkResolver.cpp, line 766]
Event: 16.718 Thread 0x00000175a33408b0 Exception <a 'java/lang/NoSuchMethodError'{0x000000008e04bfb0}: 'java.lang.Object java.lang.invoke.DirectMethodHandle$Holder.invokeSpecial(java.lang.Object, java.lang.Object, long, java.lang.Object, java.lang.Object, java.lang.Object, java.lang.Object, java.lang.Object, java.lang.Object, java.lang.Object)'> (0x000000008e04bfb0) 
thrown [t:\workspace\open\src\hotspot\share\interpreter\linkResolver.cpp, line 766]
Event: 16.719 Thread 0x00000175a33408b0 Exception <a 'java/lang/NoSuchMethodError'{0x000000008e050d68}: 'java.lang.Object java.lang.invoke.DelegatingMethodHandle$Holder.reinvoke_L(java.lang.Object, long, java.lang.Object, java.lang.Object, java.lang.Object, java.lang.Object, java.lang.Object, java.lang.Object, java.lang.Object)'> (0x000000008e050d68) 
thrown [t:\workspace\open\src\hotspot\share\interpreter\linkResolver.cpp, line 766]
Event: 16.723 Thread 0x00000175a33408b0 Exception <a 'java/lang/NoSuchMethodError'{0x000000008e095b50}: 'java.lang.Object java.lang.invoke.Invokers$Holder.linkToTargetMethod(java.lang.Object, java.lang.Object, java.lang.Object, java.lang.Object, java.lang.Object, java.lang.Object, java.lang.Object, java.lang.Object)'> (0x000000008e095b50) 
thrown [t:\workspace\open\src\hotspot\share\interpreter\linkResolver.cpp, line 766]
Event: 17.664 Thread 0x00000175a33408b0 Exception <a 'java/lang/IncompatibleClassChangeError'{0x000000008de81d78}: Found class java.lang.Object, but interface was expected> (0x000000008de81d78) 
thrown [t:\workspace\open\src\hotspot\share\interpreter\linkResolver.cpp, line 833]
Event: 17.747 Thread 0x00000175a33408b0 Exception <a 'java/lang/NoSuchMethodError'{0x000000008dd68468}: 'java.lang.Object java.lang.invoke.DirectMethodHandle$Holder.invokeStatic(java.lang.Object, java.lang.Object, int, java.lang.Object)'> (0x000000008dd68468) 
thrown [t:\workspace\open\src\hotspot\share\interpreter\linkResolver.cpp, line 766]
Event: 17.748 Thread 0x00000175a33408b0 Exception <a 'java/lang/NoSuchMethodError'{0x000000008dd6bf00}: 'java.lang.Object java.lang.invoke.DirectMethodHandle$Holder.invokeStaticInit(java.lang.Object, java.lang.Object, int, java.lang.Object)'> (0x000000008dd6bf00) 
thrown [t:\workspace\open\src\hotspot\share\interpreter\linkResolver.cpp, line 766]
Event: 18.495 Thread 0x00000175a33408b0 Exception <a 'java/lang/NoSuchMethodError'{0x000000008c7d3668}: 'void java.lang.invoke.DirectMethodHandle$Holder.invokeInterface(java.lang.Object, java.lang.Object)'> (0x000000008c7d3668) 
thrown [t:\workspace\open\src\hotspot\share\interpreter\linkResolver.cpp, line 766]
Event: 19.754 Thread 0x00000175a33408b0 Exception <a 'sun/nio/fs/WindowsException'{0x000000008db0a540}> (0x000000008db0a540) 
thrown [t:\workspace\open\src\hotspot\share\prims\jni.cpp, line 516]
Event: 19.992 Thread 0x00000175a33408b0 Exception <a 'java/lang/IncompatibleClassChangeError'{0x000000008c996350}: Found class java.lang.Object, but interface was expected> (0x000000008c996350) 
thrown [t:\workspace\open\src\hotspot\share\interpreter\linkResolver.cpp, line 833]

VM Operations (20 events):
Event: 17.342 Executing VM operation: G1CollectForAllocation
Event: 17.356 Executing VM operation: G1CollectForAllocation done
Event: 18.362 Executing VM operation: Cleanup
Event: 18.362 Executing VM operation: Cleanup done
Event: 19.073 Executing VM operation: G1CollectForAllocation
Event: 19.082 Executing VM operation: G1CollectForAllocation done
Event: 19.218 Executing VM operation: HandshakeAllThreads
Event: 19.219 Executing VM operation: HandshakeAllThreads done
Event: 19.334 Executing VM operation: HandshakeAllThreads
Event: 19.335 Executing VM operation: HandshakeAllThreads done
Event: 19.392 Executing VM operation: HandshakeAllThreads
Event: 19.392 Executing VM operation: HandshakeAllThreads done
Event: 19.568 Executing VM operation: HandshakeAllThreads
Event: 19.568 Executing VM operation: HandshakeAllThreads done
Event: 19.570 Executing VM operation: HandshakeAllThreads
Event: 19.571 Executing VM operation: HandshakeAllThreads done
Event: 19.573 Executing VM operation: HandshakeAllThreads
Event: 19.573 Executing VM operation: HandshakeAllThreads done
Event: 20.077 Executing VM operation: HandshakeAllThreads
Event: 20.077 Executing VM operation: HandshakeAllThreads done

Events (20 events):
Event: 20.091 Thread 0x00000175a17a3500 flushing nmethod 0x000001758bef7110
Event: 20.092 Thread 0x00000175a17a3500 flushing nmethod 0x000001758bf11f10
Event: 20.092 Thread 0x00000175a17a3500 flushing nmethod 0x000001758bf17d10
Event: 20.092 Thread 0x00000175a17a3500 flushing nmethod 0x000001758bf1ed90
Event: 20.092 Thread 0x00000175a17a3500 flushing nmethod 0x000001758bf2af90
Event: 20.092 Thread 0x00000175a17a3500 flushing nmethod 0x000001758bf30a90
Event: 20.092 Thread 0x00000175a17a3500 flushing nmethod 0x000001758bf30f10
Event: 20.092 Thread 0x00000175a17a3500 flushing nmethod 0x000001758bf39010
Event: 20.092 Thread 0x00000175a17a3500 flushing nmethod 0x000001758bf3eb90
Event: 20.092 Thread 0x00000175a17a3500 flushing nmethod 0x000001758bf42410
Event: 20.092 Thread 0x00000175a17a3500 flushing nmethod 0x000001758bf45190
Event: 20.092 Thread 0x00000175a17a3500 flushing nmethod 0x000001758bf4d410
Event: 20.092 Thread 0x00000175a17a3500 flushing nmethod 0x000001758bf55e90
Event: 20.092 Thread 0x00000175a17a3500 flushing nmethod 0x000001758bf5c510
Event: 20.092 Thread 0x00000175a17a3500 flushing nmethod 0x000001758bf72390
Event: 20.093 Thread 0x00000175a17a3500 flushing nmethod 0x000001758bf87890
Event: 20.093 Thread 0x00000175a17a3500 flushing nmethod 0x000001758bfa7110
Event: 20.093 Thread 0x00000175a17a3500 flushing nmethod 0x000001758bfbe710
Event: 20.093 Thread 0x00000175a17a3500 flushing nmethod 0x000001758bfbfa90
Event: 20.093 Thread 0x00000175a17a3500 flushing nmethod 0x000001758bfc1f90


Dynamic libraries:
0x00007ff7da590000 - 0x00007ff7da5a0000 	C:\Program Files\Java\jdk-17.0.2\bin\java.exe
0x00007ffeeb030000 - 0x00007ffeeb227000 	C:\Windows\SYSTEM32\ntdll.dll
0x00007ffedea80000 - 0x00007ffedea9a000 	C:\Program Files\Avast Software\Avast\aswhook.dll
0x00007ffee9260000 - 0x00007ffee931d000 	C:\Windows\System32\KERNEL32.DLL
0x00007ffee8ac0000 - 0x00007ffee8d8d000 	C:\Windows\System32\KERNELBASE.dll
0x00007ffee89c0000 - 0x00007ffee8ac0000 	C:\Windows\System32\ucrtbase.dll
0x00007ffedf6b0000 - 0x00007ffedf6c8000 	C:\Program Files\Java\jdk-17.0.2\bin\jli.dll
0x00007ffee91b0000 - 0x00007ffee925e000 	C:\Windows\System32\ADVAPI32.dll
0x00007ffee9790000 - 0x00007ffee982e000 	C:\Windows\System32\msvcrt.dll
0x00007ffeeab30000 - 0x00007ffeeabcc000 	C:\Windows\System32\sechost.dll
0x00007ffeeada0000 - 0x00007ffeeaec5000 	C:\Windows\System32\RPCRT4.dll
0x00007ffeeabd0000 - 0x00007ffeead70000 	C:\Windows\System32\USER32.dll
0x00007ffee8d90000 - 0x00007ffee8db2000 	C:\Windows\System32\win32u.dll
0x00007ffee93d0000 - 0x00007ffee93fa000 	C:\Windows\System32\GDI32.dll
0x00007ffee8dc0000 - 0x00007ffee8ecb000 	C:\Windows\System32\gdi32full.dll
0x00007ffee8920000 - 0x00007ffee89bd000 	C:\Windows\System32\msvcp_win.dll
0x00007ffee0d20000 - 0x00007ffee0d3a000 	C:\Program Files\Java\jdk-17.0.2\bin\VCRUNTIME140.dll
0x00007ffed9320000 - 0x00007ffed95ba000 	C:\Windows\WinSxS\amd64_microsoft.windows.common-controls_6595b64144ccf1df_6.0.19041.1110_none_60b5254171f9507e\COMCTL32.dll
0x00007ffed7d70000 - 0x00007ffed7d7a000 	C:\Windows\SYSTEM32\VERSION.dll
0x00007ffeead70000 - 0x00007ffeeada0000 	C:\Windows\System32\IMM32.DLL
0x00007ffee1290000 - 0x00007ffee129c000 	C:\Program Files\Java\jdk-17.0.2\bin\vcruntime140_1.dll
0x00007ffedb7e0000 - 0x00007ffedb86d000 	C:\Program Files\Java\jdk-17.0.2\bin\msvcp140.dll
0x00007ffec2840000 - 0x00007ffec3401000 	C:\Program Files\Java\jdk-17.0.2\bin\server\jvm.dll
0x00007ffee9690000 - 0x00007ffee9698000 	C:\Windows\System32\PSAPI.DLL
0x00007ffed17b0000 - 0x00007ffed17d7000 	C:\Windows\SYSTEM32\WINMM.dll
0x00007ffed9c20000 - 0x00007ffed9c29000 	C:\Windows\SYSTEM32\WSOCK32.dll
0x00007ffee9900000 - 0x00007ffee996b000 	C:\Windows\System32\WS2_32.dll
0x00007ffee6650000 - 0x00007ffee6662000 	C:\Windows\SYSTEM32\kernel.appcore.dll
0x00007ffee0e20000 - 0x00007ffee0e2a000 	C:\Program Files\Java\jdk-17.0.2\bin\jimage.dll
0x00007ffede5d0000 - 0x00007ffede7b4000 	C:\Windows\SYSTEM32\DBGHELP.DLL
0x00007ffede450000 - 0x00007ffede47c000 	C:\Windows\SYSTEM32\dbgcore.DLL
0x00007ffee8f80000 - 0x00007ffee9002000 	C:\Windows\System32\bcryptPrimitives.dll
0x00007ffee6220000 - 0x00007ffee622e000 	C:\Program Files\Java\jdk-17.0.2\bin\instrument.dll
0x00007ffedf680000 - 0x00007ffedf6a5000 	C:\Program Files\Java\jdk-17.0.2\bin\java.dll
0x00007ffecef30000 - 0x00007ffecf006000 	C:\Program Files\Java\jdk-17.0.2\bin\jsvml.dll
0x00007ffee9fd0000 - 0x00007ffeea714000 	C:\Windows\System32\SHELL32.dll
0x00007ffee6850000 - 0x00007ffee6fe4000 	C:\Windows\SYSTEM32\windows.storage.dll
0x00007ffeea7d0000 - 0x00007ffeeab24000 	C:\Windows\System32\combase.dll
0x00007ffee80e0000 - 0x00007ffee810c000 	C:\Windows\SYSTEM32\Wldp.dll
0x00007ffeea720000 - 0x00007ffeea7cd000 	C:\Windows\System32\SHCORE.dll
0x00007ffeeaf30000 - 0x00007ffeeaf85000 	C:\Windows\System32\shlwapi.dll
0x00007ffee8690000 - 0x00007ffee86af000 	C:\Windows\SYSTEM32\profapi.dll
0x00007ffedb8d0000 - 0x00007ffedb8e8000 	C:\Program Files\Java\jdk-17.0.2\bin\zip.dll
0x00007ffedb910000 - 0x00007ffedb929000 	C:\Program Files\Java\jdk-17.0.2\bin\net.dll
0x00007ffedc910000 - 0x00007ffedca1a000 	C:\Windows\SYSTEM32\WINHTTP.dll
0x00007ffee7e40000 - 0x00007ffee7eaa000 	C:\Windows\system32\mswsock.dll
0x00007ffedb8f0000 - 0x00007ffedb906000 	C:\Program Files\Java\jdk-17.0.2\bin\nio.dll
0x00007ffee5930000 - 0x00007ffee594a000 	C:\Program Files\JetBrains\IntelliJ IDEA Community Edition 2021.3.1\bin\breakgen64.dll
0x00007ffee5f00000 - 0x00007ffee5f09000 	C:\Program Files\Java\jdk-17.0.2\bin\management.dll
0x00007ffee5920000 - 0x00007ffee592b000 	C:\Program Files\Java\jdk-17.0.2\bin\management_ext.dll
0x00007ffee58e0000 - 0x00007ffee58ee000 	C:\Program Files\Java\jdk-17.0.2\bin\sunmscapi.dll
0x00007ffee8750000 - 0x00007ffee88a6000 	C:\Windows\System32\CRYPT32.dll
0x00007ffee8150000 - 0x00007ffee8177000 	C:\Windows\SYSTEM32\ncrypt.dll
0x00007ffee8110000 - 0x00007ffee814b000 	C:\Windows\SYSTEM32\NTASN1.dll
0x00007ffee8040000 - 0x00007ffee8058000 	C:\Windows\SYSTEM32\CRYPTSP.dll
0x00007ffee77c0000 - 0x00007ffee77f4000 	C:\Windows\system32\rsaenh.dll
0x00007ffee9060000 - 0x00007ffee9087000 	C:\Windows\System32\bcrypt.dll
0x00007ffee8610000 - 0x00007ffee863e000 	C:\Windows\SYSTEM32\USERENV.dll
0x00007ffee8030000 - 0x00007ffee803c000 	C:\Windows\SYSTEM32\CRYPTBASE.dll
0x00007ffee7b30000 - 0x00007ffee7b6b000 	C:\Windows\SYSTEM32\IPHLPAPI.DLL
0x00007ffee9fa0000 - 0x00007ffee9fa8000 	C:\Windows\System32\NSI.dll
0x00007ffedf5c0000 - 0x00007ffedf5d7000 	C:\Windows\SYSTEM32\dhcpcsvc6.DLL
0x00007ffee03e0000 - 0x00007ffee03fd000 	C:\Windows\SYSTEM32\dhcpcsvc.DLL
0x00007ffee7b70000 - 0x00007ffee7c3b000 	C:\Windows\SYSTEM32\DNSAPI.dll
0x00007ffee1670000 - 0x00007ffee1680000 	C:\Program Files\Java\jdk-17.0.2\bin\verify.dll
0x00007ffedc2c0000 - 0x00007ffedc2ca000 	C:\Windows\System32\rasadhlp.dll
0x00007ffedbeb0000 - 0x00007ffedbf30000 	C:\Windows\System32\fwpuclnt.dll

dbghelp: loaded successfully - version: 4.0.5 - missing functions: none
symbol engine: initialized successfully - sym options: 0x614 - pdb path: .;C:\Program Files\Java\jdk-17.0.2\bin;C:\Windows\SYSTEM32;C:\Program Files\Avast Software\Avast;C:\Windows\WinSxS\amd64_microsoft.windows.common-controls_6595b64144ccf1df_6.0.19041.1110_none_60b5254171f9507e;C:\Program Files\Java\jdk-17.0.2\bin\server;C:\Program Files\JetBrains\IntelliJ IDEA Community Edition 2021.3.1\bin

VM Arguments:
jvm_args: -javaagent:C:\Program Files\JetBrains\IntelliJ IDEA Community Edition 2021.3.1\lib\idea_rt.jar=50215:C:\Program Files\JetBrains\IntelliJ IDEA Community Edition 2021.3.1\bin -Dfile.encoding=UTF-8 
java_command: com.example.RecipeAppApplication
java_class_path (initial): C:\Users\Acer\springboot projects\recipe-app\target\classes;C:\Users\Acer\.m2\repository\org\springframework\boot\spring-boot-starter-data-jpa\3.4.0\spring-boot-starter-data-jpa-3.4.0.jar;C:\Users\Acer\.m2\repository\org\springframework\boot\spring-boot-starter\3.4.0\spring-boot-starter-3.4.0.jar;C:\Users\Acer\.m2\repository\org\springframework\boot\spring-boot-starter-logging\3.4.0\spring-boot-starter-logging-3.4.0.jar;C:\Users\Acer\.m2\repository\ch\qos\logback\logback-classic\1.5.12\logback-classic-1.5.12.jar;C:\Users\Acer\.m2\repository\ch\qos\logback\logback-core\1.5.12\logback-core-1.5.12.jar;C:\Users\Acer\.m2\repository\org\apache\logging\log4j\log4j-to-slf4j\2.24.1\log4j-to-slf4j-2.24.1.jar;C:\Users\Acer\.m2\repository\org\apache\logging\log4j\log4j-api\2.24.1\log4j-api-2.24.1.jar;C:\Users\Acer\.m2\repository\org\slf4j\jul-to-slf4j\2.0.16\jul-to-slf4j-2.0.16.jar;C:\Users\Acer\.m2\repository\jakarta\annotation\jakarta.annotation-api\2.1.1\jakarta.annotation-api-2.1.1.jar;C:\Users\Acer\.m2\repository\org\yaml\snakeyaml\2.3\snakeyaml-2.3.jar;C:\Users\Acer\.m2\repository\org\springframework\boot\spring-boot-starter-jdbc\3.4.0\spring-boot-starter-jdbc-3.4.0.jar;C:\Users\Acer\.m2\repository\com\zaxxer\HikariCP\5.1.0\HikariCP-5.1.0.jar;C:\Users\Acer\.m2\repository\org\springframework\spring-jdbc\6.2.0\spring-jdbc-6.2.0.jar;C:\Users\Acer\.m2\repository\org\hibernate\orm\hibernate-core\6.6.2.Final\hibernate-core-6.6.2.Final.jar;C:\Users\Acer\.m2\repository\jakarta\persistence\jakarta.persistence-api\3.1.0\jakarta.persistence-api-3.1.0.jar;C:\Users\Acer\.m2\repository\jakarta\transaction\jakarta.transaction-api\2.0.1\jakarta.transaction-api-2.0.1.jar;C:\Users\Acer\.m2\repository\org\jboss\logging\jboss-logging\3.6.1.Final\jboss-logging-3.6.1.Final.jar;C:\Users\Acer\.m2\repository\org\hibernate\common\hibernate-commons-annotations\7.0.3.Final\hibernate-commons-annotations-7.0.3.Final.jar;C:\Users\Acer\.m2\repository\io\smallrye\jandex\3.2.0
Launcher Type: SUN_STANDARD

[Global flags]
     intx CICompilerCount                          = 4                                         {product} {ergonomic}
     uint ConcGCThreads                            = 2                                         {product} {ergonomic}
     uint G1ConcRefinementThreads                  = 8                                         {product} {ergonomic}
   size_t G1HeapRegionSize                         = 1048576                                   {product} {ergonomic}
    uintx GCDrainStackTargetSize                   = 64                                        {product} {ergonomic}
   size_t InitialHeapSize                          = 123731968                                 {product} {ergonomic}
   size_t MarkStackSize                            = 4194304                                   {product} {ergonomic}
   size_t MaxHeapSize                              = 1979711488                                {product} {ergonomic}
   size_t MaxNewSize                               = 1186988032                                {product} {ergonomic}
   size_t MinHeapDeltaBytes                        = 1048576                                   {product} {ergonomic}
   size_t MinHeapSize                              = 8388608                                   {product} {ergonomic}
    uintx NonNMethodCodeHeapSize                   = 5839372                                {pd product} {ergonomic}
    uintx NonProfiledCodeHeapSize                  = 122909434                              {pd product} {ergonomic}
    uintx ProfiledCodeHeapSize                     = 122909434                              {pd product} {ergonomic}
    uintx ReservedCodeCacheSize                    = 251658240                              {pd product} {ergonomic}
     bool SegmentedCodeCache                       = true                                      {product} {ergonomic}
   size_t SoftMaxHeapSize                          = 1979711488                             {manageable} {ergonomic}
     bool UseCompressedClassPointers               = true                           {product lp64_product} {ergonomic}
     bool UseCompressedOops                        = true                           {product lp64_product} {ergonomic}
     bool UseG1GC                                  = true                                      {product} {ergonomic}
     bool UseLargePagesIndividualAllocation        = false                                  {pd product} {ergonomic}

Logging:
Log output configuration:
 #0: stdout all=warning uptime,level,tags
 #1: stderr all=off uptime,level,tags

Environment Variables:
JAVA_HOME=C:\Program Files\Java\jdk-17.0.2
CLASSPATH=%CLASSPATH%;%JUNIT_HOME%\junit-4.10.jar;.;;%JUNIT_HOME%\junit-4.10.jar;.;;%JUNIT_HOME%\junit-4.10.jar;.;
PATH=C:\Windows\system32;C:\Windows;C:\Windows\System32\Wbem;C:\Windows\System32\WindowsPowerShell\v1.0\;C:\Windows\System32\OpenSSH\;C:\Program Files\Microsoft SQL Server\Client SDK\ODBC\170\Tools\Binn\;C:\Program Files\dotnet\;C:\Program Files\Azure Data Studio\bin;C:\Program Files (x86)\Microsoft SQL Server\150\Tools\Binn\;C:\Program Files\Microsoft SQL Server\150\Tools\Binn\;C:\Program Files\Microsoft SQL Server\150\DTS\Binn\;C:\Program Files (x86)\Microsoft SQL Server\150\DTS\Binn\;C:\MinGW\bin;C:\Program Files\nodejs\;C:\ProgramData\chocolatey\bin;C:\Users\Acer\AppData\Roaming\Microsoft\Windows\Start Menu\Programs\Python 3.11;C:\Python311;C:\Python\Scripts;C:\Program Files\Java\jdk-17.0.2\bin;C:\Program Files\Git\cmd;C:\Users\Acer\anaconda3\Scripts;C:\Program Files (x86)\Microsoft SQL Server\160\Tools\Binn\;C:\Program Files\Microsoft SQL Server\160\Tools\Binn\;C:\Program Files\Microsoft SQL Server\160\DTS\Binn\;C:\Users\Acer\php-8.3.10;C:\Users\Acer\.android\cmdline-tools\bin;C:\Program Files\Microsoft SQL Server\Client SDK\ODBC\130\Tools\Binn\;C:\Program Files (x86)\Microsoft SQL Server\140\Tools\Binn\;C:\Program Files\Microsoft SQL Server\140\Tools\Binn\;C:\Program Files\Microsoft SQL Server\140\DTS\Binn\;C:\Program Files (x86)\Microsoft SQL Server\160\DTS\Binn\;C:\Program Files\apache-maven-3.9.9\bin;C:\Program Files\MySQL\MySQL Server 9.1\bin;C:\Users\Acer\AppData\Local\Programs\Python\Python311\Scripts\;C:\Users\Acer\AppData\Local\Programs\Python\Python311\;C:\Users\Acer\AppData\Local\Microsoft\WindowsApps;C:\Program Files\JetBrains\IntelliJ IDEA Community Edition 2021.3.1\bin;C:\Users\Acer\AppData\Local\atom\bin;C:\Users\Acer\.dotnet\tools;C:\Users\Acer\AppData\Local\Programs\Microsoft VS Code\bin;C:\Program Files\JetBrains\PyCharm Community Edition 2022.1.1\bin;;C:\Program Files\JetBrains\PyCharm 2022.1.1\bin;;C:\Program Files\JetBrains\DataGrip 2022.1.5\bin;;C:\Program Files\Azure Data Studio\bin;C:\ffmpeg\bin;C:\Users\Acer\AppData\Local\Programs\MiKTeX\m
USERNAME=Acer
OS=Windows_NT
PROCESSOR_IDENTIFIER=AMD64 Family 23 Model 96 Stepping 1, AuthenticAMD



---------------  S Y S T E M  ---------------

OS:
 Windows 10 , 64 bit Build 19041 (10.0.19041.1741)
OS uptime: 21 days 19:24 hours

CPU: total 8 (initial active 8) (8 cores per cpu, 1 threads per core) family 23 model 96 stepping 1 microcode 0x0, cx8, cmov, fxsr, mmx, 3dnowpref, sse, sse2, sse3, ssse3, sse4a, sse4.1, sse4.2, popcnt, lzcnt, tsc, tscinvbit, avx, avx2, aes, clmul, bmi1, bmi2, adx, sha, fma, vzeroupper, clflush, clflushopt

Memory: 4k page, system-wide physical 7549M (298M free)
TotalPageFile size 9597M (AvailPageFile size 53M)
current process WorkingSet (physical memory assigned to process): 217M, peak: 217M
current process commit charge ("private bytes"): 256M, peak: 265M

vm_info: Java HotSpot(TM) 64-Bit Server VM (17.0.2+8-LTS-86) for windows-amd64 JRE (17.0.2+8-LTS-86), built on Dec  7 2021 21:51:03 by "mach5one" with MS VC++ 16.8 / 16.9 (VS2019)

END.
